2026-05-13 14:32:25 | DEBUG | P01 | No variables found in .env
2026-05-13 14:32:25 | INFO | P01 | === RUN START ===
2026-05-13 14:32:25 | INFO | P01 | project=P01
2026-05-13 14:32:25 | INFO | P01 | repo_dir=streaming-01-foundations
2026-05-13 14:32:25 | INFO | P01 | python=3.14.3
2026-05-13 14:32:25 | INFO | P01 | os=Darwin 25.3.0
2026-05-13 14:32:25 | INFO | P01 | shell=zsh
2026-05-13 14:32:25 | INFO | P01 | cwd=.
2026-05-13 14:32:25 | INFO | P01 | github_actions=False
2026-05-13 14:32:25 | INFO | P01 | ========================
2026-05-13 14:32:25 | INFO | P01 | START producer main()
2026-05-13 14:32:25 | INFO | P01 | ========================
2026-05-13 14:32:25 | INFO | P01 | ROOT_DIR = .
2026-05-13 14:32:25 | INFO | P01 | DATA_DIR = data
2026-05-13 14:32:25 | INFO | P01 | SALES_CSV = data/sales.csv
2026-05-13 14:32:25 | INFO | P01 | TOPIC_CSV = data/output/streaming-01-topic-no-env.csv
2026-05-13 14:32:25 | INFO | P01 | ========================
2026-05-13 14:32:25 | INFO | P01 | SECTION A. Acquire
2026-05-13 14:32:25 | INFO | P01 | ========================
2026-05-13 14:32:25 | INFO | P01 | Loading settings from .env...
2026-05-13 14:32:25 | INFO | P01 | KAFKA_TOPIC                       = streaming-01-topic-no-env
2026-05-13 14:32:25 | INFO | P01 | KAFKA_CLEAR_TOPIC_ON_START        = False
2026-05-13 14:32:25 | INFO | P01 | PRODUCER_MESSAGE_COUNT            = 2
2026-05-13 14:32:25 | INFO | P01 | PRODUCER_MESSAGE_INTERVAL_SECONDS = 0.5
2026-05-13 14:32:25 | INFO | P01 | Verifying local source data...
2026-05-13 14:32:25 | INFO | P01 | Source file found: sales.csv
2026-05-13 14:32:25 | INFO | P01 | Preparing local simulated topic file...
2026-05-13 14:32:25 | INFO | P01 | Topic file will be created: streaming-01-topic-no-env.csv
2026-05-13 14:32:25 | INFO | P01 | ========================
2026-05-13 14:32:25 | INFO | P01 | SECTION P. Produce Messages
2026-05-13 14:32:25 | INFO | P01 | ========================
2026-05-13 14:32:25 | INFO | P01 | Sending messages...
2026-05-13 14:32:25 | INFO | P01 | Sending up to 2 local message(s).
2026-05-13 14:32:25 | INFO | P01 | Writing to simulated topic file: streaming-01-topic-no-env.csv
2026-05-13 14:32:25 | INFO | P01 | Watch each sale arrive. Press CTRL+C to stop early.

2026-05-13 14:32:25 | INFO | P01 | {
  order_id: e7324981-a9f0-419f-b708-d0a333451fff
  datetime: 2026-05-04T08:11:00Z
  region_id: US-TX
  currency_code: USD
  product_id: PY-STREAM-005
  unit_price: 59.99
  quantity: 3
  is_online: true
  customer_id: CUST-4150
  is_new_customer: false
  device_type: tablet
  payment_method: paypal
  referral_source: paid_search
  discount_code: 
  customer_note: Gift for my team
}
2026-05-13 14:32:25 | INFO | P01 |   Sending local message with key=US-TX
2026-05-13 14:32:25 | INFO | P01 |   MESSAGE SENT  sent=1
2026-05-13 14:32:26 | INFO | P01 | {
  order_id: d61943e0-f543-4b5f-9c9a-18605ea4cfe5
  datetime: 2026-05-04T08:23:00Z
  region_id: US-TX
  currency_code: USD
  product_id: PY-DATA-002
  unit_price: 49.99
  quantity: 1
  is_online: true
  customer_id: CUST-1106
  is_new_customer: false
  device_type: mobile
  payment_method: paypal
  referral_source: paid_search
  discount_code: 
  customer_note: Gift for my team
}
2026-05-13 14:32:26 | INFO | P01 |   Sending local message with key=US-TX
2026-05-13 14:32:26 | INFO | P01 |   MESSAGE SENT  sent=2
2026-05-13 14:32:26 | INFO | P01 | ========================
2026-05-13 14:32:26 | INFO | P01 | SECTION E. Exit
2026-05-13 14:32:26 | INFO | P01 | ========================
2026-05-13 14:32:26 | INFO | P01 | Summary:
2026-05-13 14:32:26 | INFO | P01 | Sent 2 message(s).
2026-05-13 14:32:26 | INFO | P01 | WROTE TOPIC_CSV = data/output/streaming-01-topic-no-env.csv
2026-05-13 14:32:26 | INFO | P01 | ========================
2026-05-13 14:32:26 | INFO | P01 | Producer executed successfully!
2026-05-13 14:32:26 | INFO | P01 | ========================
2026-05-13 14:41:27 | DEBUG | C01 | No variables found in .env
2026-05-13 14:41:27 | INFO | C01 | === RUN START ===
2026-05-13 14:41:27 | INFO | C01 | project=C01
2026-05-13 14:41:27 | INFO | C01 | repo_dir=streaming-01-foundations
2026-05-13 14:41:27 | INFO | C01 | python=3.14.3
2026-05-13 14:41:27 | INFO | C01 | os=Darwin 25.3.0
2026-05-13 14:41:27 | INFO | C01 | shell=zsh
2026-05-13 14:41:27 | INFO | C01 | cwd=.
2026-05-13 14:41:27 | INFO | C01 | github_actions=False
2026-05-13 14:41:27 | INFO | C01 | ========================
2026-05-13 14:41:27 | INFO | C01 | START consumer main()
2026-05-13 14:41:27 | INFO | C01 | ========================
2026-05-13 14:41:27 | INFO | C01 | ROOT_DIR = .
2026-05-13 14:41:27 | INFO | C01 | DATA_DIR = data
2026-05-13 14:41:27 | INFO | C01 | TOPIC_CSV = data/output/missing-env-copy-env-example.csv
2026-05-13 14:41:27 | INFO | C01 | OUTPUT_CSV = data/output/consumed_sales.csv
2026-05-13 14:41:27 | INFO | C01 | ========================
2026-05-13 14:41:27 | INFO | C01 | SECTION A. Acquire
2026-05-13 14:41:27 | INFO | C01 | ========================
2026-05-13 14:41:27 | INFO | C01 | Loading settings from .env...
2026-05-13 14:41:27 | INFO | C01 | KAFKA_TOPIC                    = missing-env-copy-env-example
2026-05-13 14:41:27 | INFO | C01 | CONSUMER_MAX_MESSAGES          = 2
2026-05-13 14:41:27 | INFO | C01 | CONSUMER_POLL_INTERVAL_SECONDS = 0.5
2026-05-13 14:41:27 | INFO | C01 | CONSUMER_TIMEOUT_SECONDS       = 3.0
2026-05-13 14:41:27 | INFO | C01 | Verifying local simulated topic file...
2026-05-13 14:41:27 | INFO | C01 | Topic file not found yet. Waiting...
2026-05-13 14:41:27 | INFO | C01 | Topic file not found yet. Waiting...
2026-05-13 14:41:28 | INFO | C01 | Topic file not found yet. Waiting...
2026-05-13 14:41:28 | INFO | C01 | Topic file not found yet. Waiting...
2026-05-13 14:41:29 | INFO | C01 | Topic file not found yet. Waiting...
2026-05-13 14:41:29 | INFO | C01 | Topic file not found yet. Waiting...
2026-05-13 14:41:30 | ERROR | C01 | Topic file not found: /Users/stephneyaganaga/Repos/streaming-01-foundations/data/output/missing-env-copy-env-example.csv
2026-05-13 14:41:30 | ERROR | C01 | Run the local producer first, or run producer and consumer together.
2026-05-13 14:49:18 | DEBUG | P01 | KAFKA_BOOTSTRAP_SERVERS           = localhost:9092
2026-05-13 14:49:18 | DEBUG | P01 | KAFKA_BROKER_ADDRESS_FAMILY       = v6
2026-05-13 14:49:18 | DEBUG | P01 | KAFKA_TOPIC                       = streaming-01-foundations-case
2026-05-13 14:49:18 | DEBUG | P01 | KAFKA_CLEAR_TOPIC_ON_START        = true
2026-05-13 14:49:18 | DEBUG | P01 | PRODUCER_MESSAGE_COUNT            = 3
2026-05-13 14:49:18 | DEBUG | P01 | PRODUCER_MESSAGE_INTERVAL_SECONDS = 2
2026-05-13 14:49:18 | DEBUG | P01 | PRODUCER_MAX_MESSAGES             = 50
2026-05-13 14:49:18 | DEBUG | P01 | PRODUCER_POLL_INTERVAL_SECONDS    = 15
2026-05-13 14:49:18 | DEBUG | P01 | KAFKA_GROUP_ID                    = streaming-consumer-group-A
2026-05-13 14:49:18 | DEBUG | P01 | KAFKA_AUTO_OFFSET_RESET           = earliest
2026-05-13 14:49:18 | DEBUG | P01 | CONSUMER_TIMEOUT_SECONDS          = 10
2026-05-13 14:49:18 | DEBUG | P01 | CONSUMER_MAX_MESSAGES             = 1000
2026-05-13 14:49:18 | INFO | P01 | === RUN START ===
2026-05-13 14:49:18 | INFO | P01 | project=P01
2026-05-13 14:49:18 | INFO | P01 | repo_dir=streaming-01-foundations
2026-05-13 14:49:18 | INFO | P01 | python=3.14.3
2026-05-13 14:49:18 | INFO | P01 | os=Darwin 25.3.0
2026-05-13 14:49:18 | INFO | P01 | shell=zsh
2026-05-13 14:49:18 | INFO | P01 | cwd=.
2026-05-13 14:49:18 | INFO | P01 | github_actions=False
2026-05-13 14:49:18 | INFO | P01 | ========================
2026-05-13 14:49:18 | INFO | P01 | START producer main()
2026-05-13 14:49:18 | INFO | P01 | ========================
2026-05-13 14:49:18 | INFO | P01 | ROOT_DIR = .
2026-05-13 14:49:18 | INFO | P01 | DATA_DIR = data
2026-05-13 14:49:18 | INFO | P01 | SALES_CSV = data/sales.csv
2026-05-13 14:49:18 | INFO | P01 | TOPIC_CSV = data/output/streaming-01-foundations-case.csv
2026-05-13 14:49:18 | INFO | P01 | ========================
2026-05-13 14:49:18 | INFO | P01 | SECTION A. Acquire
2026-05-13 14:49:18 | INFO | P01 | ========================
2026-05-13 14:49:18 | INFO | P01 | Loading settings from .env...
2026-05-13 14:49:18 | INFO | P01 | KAFKA_TOPIC                       = streaming-01-foundations-case
2026-05-13 14:49:18 | INFO | P01 | KAFKA_CLEAR_TOPIC_ON_START        = True
2026-05-13 14:49:18 | INFO | P01 | PRODUCER_MESSAGE_COUNT            = 3
2026-05-13 14:49:18 | INFO | P01 | PRODUCER_MESSAGE_INTERVAL_SECONDS = 2.0
2026-05-13 14:49:18 | INFO | P01 | Verifying local source data...
2026-05-13 14:49:18 | INFO | P01 | Source file found: sales.csv
2026-05-13 14:49:18 | INFO | P01 | Preparing local simulated topic file...
2026-05-13 14:49:18 | INFO | P01 | Topic file will be created: streaming-01-foundations-case.csv
2026-05-13 14:49:18 | INFO | P01 | ========================
2026-05-13 14:49:18 | INFO | P01 | SECTION P. Produce Messages
2026-05-13 14:49:18 | INFO | P01 | ========================
2026-05-13 14:49:18 | INFO | P01 | Sending messages...
2026-05-13 14:49:18 | INFO | P01 | Sending up to 3 local message(s).
2026-05-13 14:49:18 | INFO | P01 | Writing to simulated topic file: streaming-01-foundations-case.csv
2026-05-13 14:49:18 | INFO | P01 | Watch each sale arrive. Press CTRL+C to stop early.

2026-05-13 14:49:18 | INFO | P01 | {
  order_id: e7324981-a9f0-419f-b708-d0a333451fff
  datetime: 2026-05-04T08:11:00Z
  region_id: US-TX
  currency_code: USD
  product_id: PY-STREAM-005
  unit_price: 59.99
  quantity: 3
  is_online: true
  customer_id: CUST-4150
  is_new_customer: false
  device_type: tablet
  payment_method: paypal
  referral_source: paid_search
  discount_code: 
  customer_note: Gift for my team
}
2026-05-13 14:49:18 | INFO | P01 |   Sending local message with key=US-TX
2026-05-13 14:49:18 | INFO | P01 |   MESSAGE SENT  sent=1
2026-05-13 14:49:20 | INFO | P01 | {
  order_id: d61943e0-f543-4b5f-9c9a-18605ea4cfe5
  datetime: 2026-05-04T08:23:00Z
  region_id: US-TX
  currency_code: USD
  product_id: PY-DATA-002
  unit_price: 49.99
  quantity: 1
  is_online: true
  customer_id: CUST-1106
  is_new_customer: false
  device_type: mobile
  payment_method: paypal
  referral_source: paid_search
  discount_code: 
  customer_note: Gift for my team
}
2026-05-13 14:49:20 | INFO | P01 |   Sending local message with key=US-TX
2026-05-13 14:49:20 | INFO | P01 |   MESSAGE SENT  sent=2
2026-05-13 14:49:22 | INFO | P01 | {
  order_id: 14da1915-8e74-47be-9e10-f7275d31af46
  datetime: 2026-05-04T08:28:00Z
  region_id: CA-QC
  currency_code: CAD
  product_id: PY-NLP-006
  unit_price: 54.99
  quantity: 1
  is_online: true
  customer_id: CUST-2133
  is_new_customer: false
  device_type: desktop
  payment_method: paypal
  referral_source: organic
  discount_code: 
  customer_note: Learning at my own pace
}
2026-05-13 14:49:22 | INFO | P01 |   Sending local message with key=CA-QC
2026-05-13 14:49:22 | INFO | P01 |   MESSAGE SENT  sent=3
2026-05-13 14:49:24 | INFO | P01 | ========================
2026-05-13 14:49:24 | INFO | P01 | SECTION E. Exit
2026-05-13 14:49:24 | INFO | P01 | ========================
2026-05-13 14:49:24 | INFO | P01 | Summary:
2026-05-13 14:49:24 | INFO | P01 | Sent 3 message(s).
2026-05-13 14:49:24 | INFO | P01 | WROTE TOPIC_CSV = data/output/streaming-01-foundations-case.csv
2026-05-13 14:49:24 | INFO | P01 | ========================
2026-05-13 14:49:24 | INFO | P01 | Producer executed successfully!
2026-05-13 14:49:24 | INFO | P01 | ========================
2026-05-13 14:49:44 | DEBUG | C01 | KAFKA_BOOTSTRAP_SERVERS           = localhost:9092
2026-05-13 14:49:44 | DEBUG | C01 | KAFKA_BROKER_ADDRESS_FAMILY       = v6
2026-05-13 14:49:44 | DEBUG | C01 | KAFKA_TOPIC                       = streaming-01-foundations-case
2026-05-13 14:49:44 | DEBUG | C01 | KAFKA_CLEAR_TOPIC_ON_START        = true
2026-05-13 14:49:44 | DEBUG | C01 | PRODUCER_MESSAGE_COUNT            = 3
2026-05-13 14:49:44 | DEBUG | C01 | PRODUCER_MESSAGE_INTERVAL_SECONDS = 2
2026-05-13 14:49:44 | DEBUG | C01 | PRODUCER_MAX_MESSAGES             = 50
2026-05-13 14:49:44 | DEBUG | C01 | PRODUCER_POLL_INTERVAL_SECONDS    = 15
2026-05-13 14:49:44 | DEBUG | C01 | KAFKA_GROUP_ID                    = streaming-consumer-group-A
2026-05-13 14:49:44 | DEBUG | C01 | KAFKA_AUTO_OFFSET_RESET           = earliest
2026-05-13 14:49:44 | DEBUG | C01 | CONSUMER_TIMEOUT_SECONDS          = 10
2026-05-13 14:49:44 | DEBUG | C01 | CONSUMER_MAX_MESSAGES             = 1000
2026-05-13 14:49:44 | INFO | C01 | === RUN START ===
2026-05-13 14:49:44 | INFO | C01 | project=C01
2026-05-13 14:49:44 | INFO | C01 | repo_dir=streaming-01-foundations
2026-05-13 14:49:44 | INFO | C01 | python=3.14.3
2026-05-13 14:49:44 | INFO | C01 | os=Darwin 25.3.0
2026-05-13 14:49:44 | INFO | C01 | shell=zsh
2026-05-13 14:49:44 | INFO | C01 | cwd=.
2026-05-13 14:49:44 | INFO | C01 | github_actions=False
2026-05-13 14:49:44 | INFO | C01 | ========================
2026-05-13 14:49:44 | INFO | C01 | START consumer main()
2026-05-13 14:49:44 | INFO | C01 | ========================
2026-05-13 14:49:44 | INFO | C01 | ROOT_DIR = .
2026-05-13 14:49:44 | INFO | C01 | DATA_DIR = data
2026-05-13 14:49:44 | INFO | C01 | TOPIC_CSV = data/output/streaming-01-foundations-case.csv
2026-05-13 14:49:44 | INFO | C01 | OUTPUT_CSV = data/output/consumed_sales.csv
2026-05-13 14:49:44 | INFO | C01 | ========================
2026-05-13 14:49:44 | INFO | C01 | SECTION A. Acquire
2026-05-13 14:49:44 | INFO | C01 | ========================
2026-05-13 14:49:44 | INFO | C01 | Loading settings from .env...
2026-05-13 14:49:44 | INFO | C01 | KAFKA_TOPIC                    = streaming-01-foundations-case
2026-05-13 14:49:44 | INFO | C01 | CONSUMER_MAX_MESSAGES          = 1000
2026-05-13 14:49:44 | INFO | C01 | CONSUMER_POLL_INTERVAL_SECONDS = 0.5
2026-05-13 14:49:44 | INFO | C01 | CONSUMER_TIMEOUT_SECONDS       = 10.0
2026-05-13 14:49:44 | INFO | C01 | Verifying local simulated topic file...
2026-05-13 14:49:44 | INFO | C01 | Topic file found: streaming-01-foundations-case.csv
2026-05-13 14:49:44 | INFO | C01 | ========================
2026-05-13 14:49:44 | INFO | C01 | SECTION C. Consume and Process Messages
2026-05-13 14:49:44 | INFO | C01 | ========================
2026-05-13 14:49:44 | INFO | C01 | Initializing output...
2026-05-13 14:49:44 | INFO | C01 | Output CSV cleared: consumed_sales.csv
2026-05-13 14:49:44 | INFO | C01 | Consuming local messages...
2026-05-13 14:49:44 | INFO | C01 | Waiting for up to 1000 message(s).
2026-05-13 14:49:44 | INFO | C01 | Stopping after 10.0s with no new message.

2026-05-13 14:49:44 | INFO | C01 | {'order_id': 'e7324981-a9f0-419f-b708-d0a333451fff', 'datetime': '2026-05-04T08:11:00Z', 'region_id': 'US-TX', 'currency_code': 'USD', 'product_id': 'PY-STREAM-005', 'unit_price': '59.99', 'quantity': '3', 'is_online': 'true', 'customer_id': 'CUST-4150', 'is_new_customer': 'false', 'device_type': 'tablet', 'payment_method': 'paypal', 'referral_source': 'paid_search', 'discount_code': '', 'customer_note': 'Gift for my team'}
2026-05-13 14:49:44 | INFO | C01 | Processing raw local message.
2026-05-13 14:49:44 | INFO | C01 | MESSAGE CONSUMED
2026-05-13 14:49:44 | INFO | C01 | consumed=1
2026-05-13 14:49:44 | INFO | C01 | {'order_id': 'd61943e0-f543-4b5f-9c9a-18605ea4cfe5', 'datetime': '2026-05-04T08:23:00Z', 'region_id': 'US-TX', 'currency_code': 'USD', 'product_id': 'PY-DATA-002', 'unit_price': '49.99', 'quantity': '1', 'is_online': 'true', 'customer_id': 'CUST-1106', 'is_new_customer': 'false', 'device_type': 'mobile', 'payment_method': 'paypal', 'referral_source': 'paid_search', 'discount_code': '', 'customer_note': 'Gift for my team'}
2026-05-13 14:49:44 | INFO | C01 | Processing raw local message.
2026-05-13 14:49:44 | INFO | C01 | MESSAGE CONSUMED
2026-05-13 14:49:44 | INFO | C01 | consumed=2
2026-05-13 14:49:44 | INFO | C01 | {'order_id': '14da1915-8e74-47be-9e10-f7275d31af46', 'datetime': '2026-05-04T08:28:00Z', 'region_id': 'CA-QC', 'currency_code': 'CAD', 'product_id': 'PY-NLP-006', 'unit_price': '54.99', 'quantity': '1', 'is_online': 'true', 'customer_id': 'CUST-2133', 'is_new_customer': 'false', 'device_type': 'desktop', 'payment_method': 'paypal', 'referral_source': 'organic', 'discount_code': '', 'customer_note': 'Learning at my own pace'}
2026-05-13 14:49:44 | INFO | C01 | Processing raw local message.
2026-05-13 14:49:44 | INFO | C01 | MESSAGE CONSUMED
2026-05-13 14:49:44 | INFO | C01 | consumed=3
2026-05-13 14:49:54 | INFO | C01 | No new message received within 10.0s timeout.
2026-05-13 14:49:54 | INFO | C01 | Producer finished or paused. Stopping consumer.
2026-05-13 14:49:54 | INFO | C01 | Saving artifacts...
2026-05-13 14:49:54 | INFO | C01 | WROTE OUTPUT_CSV = data/output/consumed_sales.csv
2026-05-13 14:49:54 | INFO | C01 | ========================
2026-05-13 14:49:54 | INFO | C01 | SECTION E. Exit
2026-05-13 14:49:54 | INFO | C01 | ========================
2026-05-13 14:49:54 | INFO | C01 | Summary:
2026-05-13 14:49:54 | INFO | C01 | Consumed 3 message(s).
2026-05-13 14:49:54 | INFO | C01 | OUTPUT_CSV = data/output/consumed_sales.csv
2026-05-13 14:49:54 | INFO | C01 | ========================
2026-05-13 14:49:54 | INFO | C01 | Consumer executed successfully!
2026-05-13 14:49:54 | INFO | C01 | ========================
2026-05-14 21:25:08 | DEBUG | C01 | KAFKA_BOOTSTRAP_SERVERS           = localhost:9092
2026-05-14 21:25:08 | DEBUG | C01 | KAFKA_BROKER_ADDRESS_FAMILY       = v6
2026-05-14 21:25:08 | DEBUG | C01 | KAFKA_TOPIC                       = streaming-01-foundations-case
2026-05-14 21:25:08 | DEBUG | C01 | KAFKA_CLEAR_TOPIC_ON_START        = true
2026-05-14 21:25:08 | DEBUG | C01 | PRODUCER_MESSAGE_COUNT            = 3
2026-05-14 21:25:08 | DEBUG | C01 | PRODUCER_MESSAGE_INTERVAL_SECONDS = 2
2026-05-14 21:25:08 | DEBUG | C01 | PRODUCER_MAX_MESSAGES             = 50
2026-05-14 21:25:08 | DEBUG | C01 | PRODUCER_POLL_INTERVAL_SECONDS    = 15
2026-05-14 21:25:08 | DEBUG | C01 | KAFKA_GROUP_ID                    = streaming-consumer-group-A
2026-05-14 21:25:08 | DEBUG | C01 | KAFKA_AUTO_OFFSET_RESET           = earliest
2026-05-14 21:25:08 | DEBUG | C01 | CONSUMER_TIMEOUT_SECONDS          = 10
2026-05-14 21:25:08 | DEBUG | C01 | CONSUMER_MAX_MESSAGES             = 1000
2026-05-14 21:25:08 | INFO | C01 | === RUN START ===
2026-05-14 21:25:08 | INFO | C01 | project=C01
2026-05-14 21:25:08 | INFO | C01 | repo_dir=streaming-01-foundations
2026-05-14 21:25:08 | INFO | C01 | python=3.14.3
2026-05-14 21:25:08 | INFO | C01 | os=Darwin 25.3.0
2026-05-14 21:25:08 | INFO | C01 | shell=zsh
2026-05-14 21:25:08 | INFO | C01 | cwd=.
2026-05-14 21:25:08 | INFO | C01 | github_actions=False
2026-05-14 21:25:08 | INFO | C01 | ========================
2026-05-14 21:25:08 | INFO | C01 | START consumer main()
2026-05-14 21:25:08 | INFO | C01 | ========================
2026-05-14 21:25:08 | INFO | C01 | ROOT_DIR = .
2026-05-14 21:25:08 | INFO | C01 | DATA_DIR = data
2026-05-14 21:25:08 | INFO | C01 | TOPIC_CSV = data/output/streaming-01-foundations-case.csv
2026-05-14 21:25:08 | INFO | C01 | OUTPUT_CSV = data/output/consumed_sales.csv
2026-05-14 21:25:08 | INFO | C01 | ========================
2026-05-14 21:25:08 | INFO | C01 | SECTION A. Acquire
2026-05-14 21:25:08 | INFO | C01 | ========================
2026-05-14 21:25:08 | INFO | C01 | Loading settings from .env...
2026-05-14 21:25:08 | INFO | C01 | KAFKA_TOPIC                    = streaming-01-foundations-case
2026-05-14 21:25:08 | INFO | C01 | CONSUMER_MAX_MESSAGES          = 1000
2026-05-14 21:25:08 | INFO | C01 | CONSUMER_POLL_INTERVAL_SECONDS = 0.5
2026-05-14 21:25:08 | INFO | C01 | CONSUMER_TIMEOUT_SECONDS       = 10.0
2026-05-14 21:25:08 | INFO | C01 | Verifying local simulated topic file...
2026-05-14 21:25:08 | INFO | C01 | Topic file found: streaming-01-foundations-case.csv
2026-05-14 21:25:08 | INFO | C01 | ========================
2026-05-14 21:25:08 | INFO | C01 | SECTION C. Consume and Process Messages
2026-05-14 21:25:08 | INFO | C01 | ========================
2026-05-14 21:25:08 | INFO | C01 | Initializing output...
2026-05-14 21:25:08 | INFO | C01 | Output CSV cleared: consumed_sales.csv
2026-05-14 21:25:08 | INFO | C01 | Consuming local messages...
2026-05-14 21:25:08 | INFO | C01 | Waiting for up to 1000 message(s).
2026-05-14 21:25:08 | INFO | C01 | Stopping after 10.0s with no new message.

2026-05-14 21:25:08 | INFO | C01 | {'order_id': 'e7324981-a9f0-419f-b708-d0a333451fff', 'datetime': '2026-05-04T08:11:00Z', 'region_id': 'US-TX', 'currency_code': 'USD', 'product_id': 'PY-STREAM-005', 'unit_price': '59.99', 'quantity': '3', 'is_online': 'true', 'customer_id': 'CUST-4150', 'is_new_customer': 'false', 'device_type': 'tablet', 'payment_method': 'paypal', 'referral_source': 'paid_search', 'discount_code': '', 'customer_note': 'Gift for my team'}
2026-05-14 21:25:08 | INFO | C01 | Processing raw local message.
2026-05-14 21:25:08 | INFO | C01 | MESSAGE CONSUMED
2026-05-14 21:25:08 | INFO | C01 | Blessing custom modification successful!
2026-05-14 21:25:08 | INFO | C01 | consumed=1
2026-05-14 21:25:08 | INFO | C01 | {'order_id': 'd61943e0-f543-4b5f-9c9a-18605ea4cfe5', 'datetime': '2026-05-04T08:23:00Z', 'region_id': 'US-TX', 'currency_code': 'USD', 'product_id': 'PY-DATA-002', 'unit_price': '49.99', 'quantity': '1', 'is_online': 'true', 'customer_id': 'CUST-1106', 'is_new_customer': 'false', 'device_type': 'mobile', 'payment_method': 'paypal', 'referral_source': 'paid_search', 'discount_code': '', 'customer_note': 'Gift for my team'}
2026-05-14 21:25:08 | INFO | C01 | Processing raw local message.
2026-05-14 21:25:08 | INFO | C01 | MESSAGE CONSUMED
2026-05-14 21:25:08 | INFO | C01 | Blessing custom modification successful!
2026-05-14 21:25:08 | INFO | C01 | consumed=2
2026-05-14 21:25:08 | INFO | C01 | {'order_id': '14da1915-8e74-47be-9e10-f7275d31af46', 'datetime': '2026-05-04T08:28:00Z', 'region_id': 'CA-QC', 'currency_code': 'CAD', 'product_id': 'PY-NLP-006', 'unit_price': '54.99', 'quantity': '1', 'is_online': 'true', 'customer_id': 'CUST-2133', 'is_new_customer': 'false', 'device_type': 'desktop', 'payment_method': 'paypal', 'referral_source': 'organic', 'discount_code': '', 'customer_note': 'Learning at my own pace'}
2026-05-14 21:25:08 | INFO | C01 | Processing raw local message.
2026-05-14 21:25:08 | INFO | C01 | MESSAGE CONSUMED
2026-05-14 21:25:08 | INFO | C01 | Blessing custom modification successful!
2026-05-14 21:25:08 | INFO | C01 | consumed=3
2026-05-14 21:25:18 | INFO | C01 | No new message received within 10.0s timeout.
2026-05-14 21:25:18 | INFO | C01 | Producer finished or paused. Stopping consumer.
2026-05-14 21:25:18 | INFO | C01 | Saving artifacts...
2026-05-14 21:25:18 | INFO | C01 | WROTE OUTPUT_CSV = data/output/consumed_sales.csv
2026-05-14 21:25:18 | INFO | C01 | ========================
2026-05-14 21:25:18 | INFO | C01 | SECTION E. Exit
2026-05-14 21:25:18 | INFO | C01 | ========================
2026-05-14 21:25:18 | INFO | C01 | Summary:
2026-05-14 21:25:18 | INFO | C01 | Consumed 3 message(s).
2026-05-14 21:25:18 | INFO | C01 | OUTPUT_CSV = data/output/consumed_sales.csv
2026-05-14 21:25:18 | INFO | C01 | ========================
2026-05-14 21:25:18 | INFO | C01 | Consumer executed successfully!
2026-05-14 21:25:18 | INFO | C01 | ========================
2026-05-14 21:42:17 | DEBUG | P01 | KAFKA_BOOTSTRAP_SERVERS           = localhost:9092
2026-05-14 21:42:17 | DEBUG | P01 | KAFKA_BROKER_ADDRESS_FAMILY       = v6
2026-05-14 21:42:17 | DEBUG | P01 | KAFKA_TOPIC                       = streaming-01-foundations-case
2026-05-14 21:42:17 | DEBUG | P01 | KAFKA_CLEAR_TOPIC_ON_START        = true
2026-05-14 21:42:17 | DEBUG | P01 | PRODUCER_MESSAGE_COUNT            = 3
2026-05-14 21:42:17 | DEBUG | P01 | PRODUCER_MESSAGE_INTERVAL_SECONDS = 2
2026-05-14 21:42:17 | DEBUG | P01 | PRODUCER_MAX_MESSAGES             = 50
2026-05-14 21:42:17 | DEBUG | P01 | PRODUCER_POLL_INTERVAL_SECONDS    = 15
2026-05-14 21:42:17 | DEBUG | P01 | KAFKA_GROUP_ID                    = streaming-consumer-group-A
2026-05-14 21:42:17 | DEBUG | P01 | KAFKA_AUTO_OFFSET_RESET           = earliest
2026-05-14 21:42:17 | DEBUG | P01 | CONSUMER_TIMEOUT_SECONDS          = 10
2026-05-14 21:42:17 | DEBUG | P01 | CONSUMER_MAX_MESSAGES             = 1000
2026-05-14 21:42:17 | INFO | P01 | === RUN START ===
2026-05-14 21:42:17 | INFO | P01 | project=P01
2026-05-14 21:42:17 | INFO | P01 | repo_dir=streaming-01-foundations
2026-05-14 21:42:17 | INFO | P01 | python=3.14.3
2026-05-14 21:42:17 | INFO | P01 | os=Darwin 25.3.0
2026-05-14 21:42:17 | INFO | P01 | shell=zsh
2026-05-14 21:42:17 | INFO | P01 | cwd=.
2026-05-14 21:42:17 | INFO | P01 | github_actions=False
2026-05-14 21:42:17 | INFO | P01 | ========================
2026-05-14 21:42:17 | INFO | P01 | START producer main()
2026-05-14 21:42:17 | INFO | P01 | ========================
2026-05-14 21:42:17 | INFO | P01 | ROOT_DIR = .
2026-05-14 21:42:17 | INFO | P01 | DATA_DIR = data
2026-05-14 21:42:17 | INFO | P01 | SALES_CSV = data/sales.csv
2026-05-14 21:42:17 | INFO | P01 | TOPIC_CSV = data/output/streaming-01-foundations-case.csv
2026-05-14 21:42:17 | INFO | P01 | ========================
2026-05-14 21:42:17 | INFO | P01 | SECTION A. Acquire
2026-05-14 21:42:17 | INFO | P01 | ========================
2026-05-14 21:42:17 | INFO | P01 | Loading settings from .env...
2026-05-14 21:42:17 | INFO | P01 | KAFKA_TOPIC                       = streaming-01-foundations-case
2026-05-14 21:42:17 | INFO | P01 | KAFKA_CLEAR_TOPIC_ON_START        = True
2026-05-14 21:42:17 | INFO | P01 | PRODUCER_MESSAGE_COUNT            = 3
2026-05-14 21:42:17 | INFO | P01 | PRODUCER_MESSAGE_INTERVAL_SECONDS = 2.0
2026-05-14 21:42:17 | INFO | P01 | Verifying local source data...
2026-05-14 21:42:17 | INFO | P01 | Source file found: sales.csv
2026-05-14 21:42:17 | INFO | P01 | Preparing local simulated topic file...
2026-05-14 21:42:17 | INFO | P01 | Deleted existing topic file: streaming-01-foundations-case.csv
2026-05-14 21:42:17 | INFO | P01 | Topic file will be created: streaming-01-foundations-case.csv
2026-05-14 21:42:17 | INFO | P01 | ========================
2026-05-14 21:42:17 | INFO | P01 | SECTION P. Produce Messages
2026-05-14 21:42:17 | INFO | P01 | ========================
2026-05-14 21:42:17 | INFO | P01 | Sending messages...
2026-05-14 21:42:17 | INFO | P01 | Sending up to 3 local message(s).
2026-05-14 21:42:17 | INFO | P01 | Writing to simulated topic file: streaming-01-foundations-case.csv
2026-05-14 21:42:17 | INFO | P01 | Watch each sale arrive. Press CTRL+C to stop early.

2026-05-14 21:42:17 | INFO | P01 | {
  order_id: e7324981-a9f0-419f-b708-d0a333451fff
  datetime: 2026-05-04T08:11:00Z
  region_id: US-TX
  currency_code: USD
  product_id: PY-STREAM-005
  unit_price: 59.99
  quantity: 3
  is_online: true
  customer_id: CUST-4150
  is_new_customer: false
  device_type: tablet
  payment_method: paypal
  referral_source: paid_search
  discount_code: 
  customer_note: Gift for my team
}
2026-05-14 21:42:17 | INFO | P01 |   Sending local message with key=US-TX
2026-05-14 21:42:17 | INFO | P01 |   MESSAGE SENT  sent=1
2026-05-14 21:42:17 | INFO | P01 | Blessing producer modification successful!
2026-05-14 21:42:19 | INFO | P01 | {
  order_id: d61943e0-f543-4b5f-9c9a-18605ea4cfe5
  datetime: 2026-05-04T08:23:00Z
  region_id: US-TX
  currency_code: USD
  product_id: PY-DATA-002
  unit_price: 49.99
  quantity: 1
  is_online: true
  customer_id: CUST-1106
  is_new_customer: false
  device_type: mobile
  payment_method: paypal
  referral_source: paid_search
  discount_code: 
  customer_note: Gift for my team
}
2026-05-14 21:42:19 | INFO | P01 |   Sending local message with key=US-TX
2026-05-14 21:42:19 | INFO | P01 |   MESSAGE SENT  sent=2
2026-05-14 21:42:19 | INFO | P01 | Blessing producer modification successful!
2026-05-14 21:42:21 | INFO | P01 | {
  order_id: 14da1915-8e74-47be-9e10-f7275d31af46
  datetime: 2026-05-04T08:28:00Z
  region_id: CA-QC
  currency_code: CAD
  product_id: PY-NLP-006
  unit_price: 54.99
  quantity: 1
  is_online: true
  customer_id: CUST-2133
  is_new_customer: false
  device_type: desktop
  payment_method: paypal
  referral_source: organic
  discount_code: 
  customer_note: Learning at my own pace
}
2026-05-14 21:42:21 | INFO | P01 |   Sending local message with key=CA-QC
2026-05-14 21:42:21 | INFO | P01 |   MESSAGE SENT  sent=3
2026-05-14 21:42:21 | INFO | P01 | Blessing producer modification successful!
2026-05-14 21:42:23 | INFO | P01 | ========================
2026-05-14 21:42:23 | INFO | P01 | SECTION E. Exit
2026-05-14 21:42:23 | INFO | P01 | ========================
2026-05-14 21:42:23 | INFO | P01 | Summary:
2026-05-14 21:42:23 | INFO | P01 | Sent 3 message(s).
2026-05-14 21:42:23 | INFO | P01 | WROTE TOPIC_CSV = data/output/streaming-01-foundations-case.csv
2026-05-14 21:42:23 | INFO | P01 | ========================
2026-05-14 21:42:23 | INFO | P01 | Producer executed successfully!
2026-05-14 21:42:23 | INFO | P01 | ========================
2026-05-14 22:39:18 | DEBUG | P01 | KAFKA_BOOTSTRAP_SERVERS           = localhost:9092
2026-05-14 22:39:18 | DEBUG | P01 | KAFKA_BROKER_ADDRESS_FAMILY       = v6
2026-05-14 22:39:18 | DEBUG | P01 | KAFKA_TOPIC                       = streaming-01-foundations-case
2026-05-14 22:39:18 | DEBUG | P01 | KAFKA_CLEAR_TOPIC_ON_START        = true
2026-05-14 22:39:18 | DEBUG | P01 | PRODUCER_MESSAGE_COUNT            = 3
2026-05-14 22:39:18 | DEBUG | P01 | PRODUCER_MESSAGE_INTERVAL_SECONDS = 2
2026-05-14 22:39:18 | DEBUG | P01 | PRODUCER_MAX_MESSAGES             = 50
2026-05-14 22:39:18 | DEBUG | P01 | PRODUCER_POLL_INTERVAL_SECONDS    = 15
2026-05-14 22:39:18 | DEBUG | P01 | KAFKA_GROUP_ID                    = streaming-consumer-group-A
2026-05-14 22:39:18 | DEBUG | P01 | KAFKA_AUTO_OFFSET_RESET           = earliest
2026-05-14 22:39:18 | DEBUG | P01 | CONSUMER_TIMEOUT_SECONDS          = 10
2026-05-14 22:39:18 | DEBUG | P01 | CONSUMER_MAX_MESSAGES             = 1000
2026-05-14 22:39:18 | INFO | P01 | === RUN START ===
2026-05-14 22:39:18 | INFO | P01 | project=P01
2026-05-14 22:39:18 | INFO | P01 | repo_dir=streaming-01-foundations
2026-05-14 22:39:18 | INFO | P01 | python=3.14.3
2026-05-14 22:39:18 | INFO | P01 | os=Darwin 25.3.0
2026-05-14 22:39:18 | INFO | P01 | shell=zsh
2026-05-14 22:39:18 | INFO | P01 | cwd=.
2026-05-14 22:39:18 | INFO | P01 | github_actions=False
2026-05-14 22:39:18 | INFO | P01 | ========================
2026-05-14 22:39:18 | INFO | P01 | START producer main()
2026-05-14 22:39:18 | INFO | P01 | ========================
2026-05-14 22:39:18 | INFO | P01 | ROOT_DIR = .
2026-05-14 22:39:18 | INFO | P01 | DATA_DIR = data
2026-05-14 22:39:18 | INFO | P01 | SALES_CSV = data/sales.csv
2026-05-14 22:39:18 | INFO | P01 | TOPIC_CSV = data/output/streaming-01-foundations-case.csv
2026-05-14 22:39:18 | INFO | P01 | ========================
2026-05-14 22:39:18 | INFO | P01 | SECTION A. Acquire
2026-05-14 22:39:18 | INFO | P01 | ========================
2026-05-14 22:39:18 | INFO | P01 | Loading settings from .env...
2026-05-14 22:39:18 | INFO | P01 | KAFKA_TOPIC                       = streaming-01-foundations-case
2026-05-14 22:39:18 | INFO | P01 | KAFKA_CLEAR_TOPIC_ON_START        = True
2026-05-14 22:39:18 | INFO | P01 | PRODUCER_MESSAGE_COUNT            = 3
2026-05-14 22:39:18 | INFO | P01 | PRODUCER_MESSAGE_INTERVAL_SECONDS = 2.0
2026-05-14 22:39:18 | INFO | P01 | Verifying local source data...
2026-05-14 22:39:18 | INFO | P01 | Source file found: sales.csv
2026-05-14 22:39:18 | INFO | P01 | Preparing local simulated topic file...
2026-05-14 22:39:18 | INFO | P01 | Deleted existing topic file: streaming-01-foundations-case.csv
2026-05-14 22:39:18 | INFO | P01 | Topic file will be created: streaming-01-foundations-case.csv
2026-05-14 22:39:18 | INFO | P01 | ========================
2026-05-14 22:39:18 | INFO | P01 | SECTION P. Produce Messages
2026-05-14 22:39:18 | INFO | P01 | ========================
2026-05-14 22:39:18 | INFO | P01 | Sending messages...
2026-05-14 22:39:18 | INFO | P01 | Sending up to 3 local message(s).
2026-05-14 22:39:18 | INFO | P01 | Writing to simulated topic file: streaming-01-foundations-case.csv
2026-05-14 22:39:18 | INFO | P01 | Watch each sale arrive. Press CTRL+C to stop early.

2026-05-14 22:39:18 | INFO | P01 | {
  order_id: e7324981-a9f0-419f-b708-d0a333451fff
  datetime: 2026-05-04T08:11:00Z
  region_id: US-TX
  currency_code: USD
  product_id: PY-STREAM-005
  unit_price: 59.99
  quantity: 3
  is_online: true
  customer_id: CUST-4150
  is_new_customer: false
  device_type: tablet
  payment_method: paypal
  referral_source: paid_search
  discount_code: 
  customer_note: Gift for my team
}
2026-05-14 22:39:18 | INFO | P01 |   Sending local message with key=US-TX
2026-05-14 22:39:18 | INFO | P01 |   MESSAGE SENT  sent=1
2026-05-14 22:39:18 | INFO | P01 | Blessing producer modification successful!
2026-05-14 22:39:20 | INFO | P01 | {
  order_id: d61943e0-f543-4b5f-9c9a-18605ea4cfe5
  datetime: 2026-05-04T08:23:00Z
  region_id: US-TX
  currency_code: USD
  product_id: PY-DATA-002
  unit_price: 49.99
  quantity: 1
  is_online: true
  customer_id: CUST-1106
  is_new_customer: false
  device_type: mobile
  payment_method: paypal
  referral_source: paid_search
  discount_code: 
  customer_note: Gift for my team
}
2026-05-14 22:39:20 | INFO | P01 |   Sending local message with key=US-TX
2026-05-14 22:39:20 | INFO | P01 |   MESSAGE SENT  sent=2
2026-05-14 22:39:20 | INFO | P01 | Blessing producer modification successful!
2026-05-14 22:39:22 | INFO | P01 | {
  order_id: 14da1915-8e74-47be-9e10-f7275d31af46
  datetime: 2026-05-04T08:28:00Z
  region_id: CA-QC
  currency_code: CAD
  product_id: PY-NLP-006
  unit_price: 54.99
  quantity: 1
  is_online: true
  customer_id: CUST-2133
  is_new_customer: false
  device_type: desktop
  payment_method: paypal
  referral_source: organic
  discount_code: 
  customer_note: Learning at my own pace
}
2026-05-14 22:39:22 | INFO | P01 |   Sending local message with key=CA-QC
2026-05-14 22:39:22 | INFO | P01 |   MESSAGE SENT  sent=3
2026-05-14 22:39:22 | INFO | P01 | Blessing producer modification successful!
2026-05-14 22:39:24 | INFO | P01 | ========================
2026-05-14 22:39:24 | INFO | P01 | SECTION E. Exit
2026-05-14 22:39:24 | INFO | P01 | ========================
2026-05-14 22:39:24 | INFO | P01 | Summary:
2026-05-14 22:39:24 | INFO | P01 | Sent 3 message(s).
2026-05-14 22:39:24 | INFO | P01 | WROTE TOPIC_CSV = data/output/streaming-01-foundations-case.csv
2026-05-14 22:39:24 | INFO | P01 | ========================
2026-05-14 22:39:24 | INFO | P01 | Producer executed successfully!
2026-05-14 22:39:24 | INFO | P01 | ========================
2026-05-14 22:41:25 | DEBUG | C01 | KAFKA_BOOTSTRAP_SERVERS           = localhost:9092
2026-05-14 22:41:25 | DEBUG | C01 | KAFKA_BROKER_ADDRESS_FAMILY       = v6
2026-05-14 22:41:25 | DEBUG | C01 | KAFKA_TOPIC                       = streaming-01-foundations-case
2026-05-14 22:41:25 | DEBUG | C01 | KAFKA_CLEAR_TOPIC_ON_START        = true
2026-05-14 22:41:25 | DEBUG | C01 | PRODUCER_MESSAGE_COUNT            = 3
2026-05-14 22:41:25 | DEBUG | C01 | PRODUCER_MESSAGE_INTERVAL_SECONDS = 2
2026-05-14 22:41:25 | DEBUG | C01 | PRODUCER_MAX_MESSAGES             = 50
2026-05-14 22:41:25 | DEBUG | C01 | PRODUCER_POLL_INTERVAL_SECONDS    = 15
2026-05-14 22:41:25 | DEBUG | C01 | KAFKA_GROUP_ID                    = streaming-consumer-group-A
2026-05-14 22:41:25 | DEBUG | C01 | KAFKA_AUTO_OFFSET_RESET           = earliest
2026-05-14 22:41:25 | DEBUG | C01 | CONSUMER_TIMEOUT_SECONDS          = 10
2026-05-14 22:41:25 | DEBUG | C01 | CONSUMER_MAX_MESSAGES             = 1000
2026-05-14 22:41:25 | INFO | C01 | === RUN START ===
2026-05-14 22:41:25 | INFO | C01 | project=C01
2026-05-14 22:41:25 | INFO | C01 | repo_dir=streaming-01-foundations
2026-05-14 22:41:25 | INFO | C01 | python=3.14.3
2026-05-14 22:41:25 | INFO | C01 | os=Darwin 25.3.0
2026-05-14 22:41:25 | INFO | C01 | shell=zsh
2026-05-14 22:41:25 | INFO | C01 | cwd=.
2026-05-14 22:41:25 | INFO | C01 | github_actions=False
2026-05-14 22:41:25 | INFO | C01 | ========================
2026-05-14 22:41:25 | INFO | C01 | START consumer main()
2026-05-14 22:41:25 | INFO | C01 | ========================
2026-05-14 22:41:25 | INFO | C01 | ROOT_DIR = .
2026-05-14 22:41:25 | INFO | C01 | DATA_DIR = data
2026-05-14 22:41:25 | INFO | C01 | TOPIC_CSV = data/output/streaming-01-foundations-case.csv
2026-05-14 22:41:25 | INFO | C01 | OUTPUT_CSV = data/output/consumed_sales.csv
2026-05-14 22:41:25 | INFO | C01 | ========================
2026-05-14 22:41:25 | INFO | C01 | SECTION A. Acquire
2026-05-14 22:41:25 | INFO | C01 | ========================
2026-05-14 22:41:25 | INFO | C01 | Loading settings from .env...
2026-05-14 22:41:25 | INFO | C01 | KAFKA_TOPIC                    = streaming-01-foundations-case
2026-05-14 22:41:25 | INFO | C01 | CONSUMER_MAX_MESSAGES          = 1000
2026-05-14 22:41:25 | INFO | C01 | CONSUMER_POLL_INTERVAL_SECONDS = 0.5
2026-05-14 22:41:25 | INFO | C01 | CONSUMER_TIMEOUT_SECONDS       = 10.0
2026-05-14 22:41:25 | INFO | C01 | Verifying local simulated topic file...
2026-05-14 22:41:25 | INFO | C01 | Topic file found: streaming-01-foundations-case.csv
2026-05-14 22:41:25 | INFO | C01 | ========================
2026-05-14 22:41:25 | INFO | C01 | SECTION C. Consume and Process Messages
2026-05-14 22:41:25 | INFO | C01 | ========================
2026-05-14 22:41:25 | INFO | C01 | Initializing output...
2026-05-14 22:41:25 | INFO | C01 | Output CSV cleared: consumed_sales.csv
2026-05-14 22:41:25 | INFO | C01 | Consuming local messages...
2026-05-14 22:41:25 | INFO | C01 | Waiting for up to 1000 message(s).
2026-05-14 22:41:25 | INFO | C01 | Stopping after 10.0s with no new message.

2026-05-14 22:41:25 | INFO | C01 | {'order_id': 'e7324981-a9f0-419f-b708-d0a333451fff', 'datetime': '2026-05-04T08:11:00Z', 'region_id': 'US-TX', 'currency_code': 'USD', 'product_id': 'PY-STREAM-005', 'unit_price': '59.99', 'quantity': '3', 'is_online': 'true', 'customer_id': 'CUST-4150', 'is_new_customer': 'false', 'device_type': 'tablet', 'payment_method': 'paypal', 'referral_source': 'paid_search', 'discount_code': '', 'customer_note': 'Gift for my team', 'processed_by': 'Blessing'}
2026-05-14 22:41:25 | INFO | C01 | Processing raw local message.
2026-05-14 22:41:25 | INFO | C01 | MESSAGE CONSUMED
2026-05-14 22:41:25 | INFO | C01 | Blessing custom modification successful!
2026-05-14 22:41:25 | INFO | C01 | consumed=1
2026-05-14 22:41:25 | INFO | C01 | {'order_id': 'd61943e0-f543-4b5f-9c9a-18605ea4cfe5', 'datetime': '2026-05-04T08:23:00Z', 'region_id': 'US-TX', 'currency_code': 'USD', 'product_id': 'PY-DATA-002', 'unit_price': '49.99', 'quantity': '1', 'is_online': 'true', 'customer_id': 'CUST-1106', 'is_new_customer': 'false', 'device_type': 'mobile', 'payment_method': 'paypal', 'referral_source': 'paid_search', 'discount_code': '', 'customer_note': 'Gift for my team', 'processed_by': 'Blessing'}
2026-05-14 22:41:25 | INFO | C01 | Processing raw local message.
2026-05-14 22:41:25 | INFO | C01 | MESSAGE CONSUMED
2026-05-14 22:41:25 | INFO | C01 | Blessing custom modification successful!
2026-05-14 22:41:25 | INFO | C01 | consumed=2
2026-05-14 22:41:25 | INFO | C01 | {'order_id': '14da1915-8e74-47be-9e10-f7275d31af46', 'datetime': '2026-05-04T08:28:00Z', 'region_id': 'CA-QC', 'currency_code': 'CAD', 'product_id': 'PY-NLP-006', 'unit_price': '54.99', 'quantity': '1', 'is_online': 'true', 'customer_id': 'CUST-2133', 'is_new_customer': 'false', 'device_type': 'desktop', 'payment_method': 'paypal', 'referral_source': 'organic', 'discount_code': '', 'customer_note': 'Learning at my own pace', 'processed_by': 'Blessing'}
2026-05-14 22:41:25 | INFO | C01 | Processing raw local message.
2026-05-14 22:41:25 | INFO | C01 | MESSAGE CONSUMED
2026-05-14 22:41:25 | INFO | C01 | Blessing custom modification successful!
2026-05-14 22:41:25 | INFO | C01 | consumed=3
2026-05-14 22:41:35 | INFO | C01 | No new message received within 10.0s timeout.
2026-05-14 22:41:35 | INFO | C01 | Producer finished or paused. Stopping consumer.
2026-05-14 22:41:35 | INFO | C01 | Saving artifacts...
2026-05-14 22:41:35 | INFO | C01 | WROTE OUTPUT_CSV = data/output/consumed_sales.csv
2026-05-14 22:41:35 | INFO | C01 | ========================
2026-05-14 22:41:35 | INFO | C01 | SECTION E. Exit
2026-05-14 22:41:35 | INFO | C01 | ========================
2026-05-14 22:41:35 | INFO | C01 | Summary:
2026-05-14 22:41:35 | INFO | C01 | Consumed 3 message(s).
2026-05-14 22:41:35 | INFO | C01 | OUTPUT_CSV = data/output/consumed_sales.csv
2026-05-14 22:41:35 | INFO | C01 | ========================
2026-05-14 22:41:35 | INFO | C01 | Consumer executed successfully!
2026-05-14 22:41:35 | INFO | C01 | ========================
